{"E:\\Mis Documentos\\Escritorio\\ProyectosEntrevistas\\2022\\Telecom\\weather-app-with-fastify\\frontend\\src\\App.js": {"path":"E:\\Mis Documentos\\Escritorio\\ProyectosEntrevistas\\2022\\Telecom\\weather-app-with-fastify\\frontend\\src\\App.js","statementMap":{"0":{"start":{"line":12,"column":34},"end":{"line":12,"column":46}},"1":{"start":{"line":13,"column":48},"end":{"line":13,"column":62}},"2":{"start":{"line":14,"column":50},"end":{"line":14,"column":65}},"3":{"start":{"line":15,"column":54},"end":{"line":15,"column":69}},"4":{"start":{"line":16,"column":56},"end":{"line":16,"column":71}},"5":{"start":{"line":17,"column":40},"end":{"line":17,"column":54}},"6":{"start":{"line":18,"column":42},"end":{"line":18,"column":56}},"7":{"start":{"line":20,"column":2},"end":{"line":35,"column":8}},"8":{"start":{"line":22,"column":6},"end":{"line":32,"column":10}},"9":{"start":{"line":24,"column":10},"end":{"line":24,"column":99}},"10":{"start":{"line":24,"column":33},"end":{"line":24,"column":99}},"11":{"start":{"line":25,"column":10},"end":{"line":25,"column":39}},"12":{"start":{"line":26,"column":10},"end":{"line":26,"column":35}},"13":{"start":{"line":29,"column":10},"end":{"line":29,"column":28}},"14":{"start":{"line":30,"column":10},"end":{"line":30,"column":35}},"15":{"start":{"line":31,"column":10},"end":{"line":31,"column":35}},"16":{"start":{"line":34,"column":4},"end":{"line":34,"column":13}},"17":{"start":{"line":37,"column":2},"end":{"line":75,"column":51}},"18":{"start":{"line":38,"column":4},"end":{"line":74,"column":5}},"19":{"start":{"line":40,"column":8},"end":{"line":40,"column":35}},"20":{"start":{"line":41,"column":34},"end":{"line":41,"column":99}},"21":{"start":{"line":42,"column":8},"end":{"line":42,"column":36}},"22":{"start":{"line":43,"column":8},"end":{"line":51,"column":9}},"23":{"start":{"line":44,"column":10},"end":{"line":44,"column":43}},"24":{"start":{"line":46,"column":10},"end":{"line":46,"column":73}},"25":{"start":{"line":47,"column":10},"end":{"line":47,"column":25}},"26":{"start":{"line":48,"column":10},"end":{"line":48,"column":35}},"27":{"start":{"line":49,"column":10},"end":{"line":49,"column":30}},"28":{"start":{"line":50,"column":10},"end":{"line":50,"column":31}},"29":{"start":{"line":55,"column":8},"end":{"line":55,"column":36}},"30":{"start":{"line":56,"column":35},"end":{"line":59,"column":9}},"31":{"start":{"line":60,"column":8},"end":{"line":60,"column":37}},"32":{"start":{"line":61,"column":8},"end":{"line":69,"column":9}},"33":{"start":{"line":62,"column":10},"end":{"line":62,"column":45}},"34":{"start":{"line":64,"column":10},"end":{"line":64,"column":74}},"35":{"start":{"line":65,"column":10},"end":{"line":65,"column":25}},"36":{"start":{"line":66,"column":10},"end":{"line":66,"column":35}},"37":{"start":{"line":67,"column":10},"end":{"line":67,"column":30}},"38":{"start":{"line":68,"column":10},"end":{"line":68,"column":31}},"39":{"start":{"line":71,"column":6},"end":{"line":71,"column":32}},"40":{"start":{"line":72,"column":6},"end":{"line":72,"column":28}},"41":{"start":{"line":73,"column":6},"end":{"line":73,"column":29}},"42":{"start":{"line":77,"column":2},"end":{"line":93,"column":3}}},"fnMap":{"0":{"name":"App","decl":{"start":{"line":11,"column":9},"end":{"line":11,"column":12}},"loc":{"start":{"line":11,"column":15},"end":{"line":94,"column":1}},"line":11},"1":{"name":"(anonymous_1)","decl":{"start":{"line":20,"column":12},"end":{"line":20,"column":13}},"loc":{"start":{"line":20,"column":18},"end":{"line":35,"column":3}},"line":20},"2":{"name":"getCity","decl":{"start":{"line":21,"column":19},"end":{"line":21,"column":26}},"loc":{"start":{"line":21,"column":29},"end":{"line":33,"column":5}},"line":21},"3":{"name":"(anonymous_3)","decl":{"start":{"line":23,"column":14},"end":{"line":23,"column":15}},"loc":{"start":{"line":23,"column":34},"end":{"line":27,"column":9}},"line":23},"4":{"name":"(anonymous_4)","decl":{"start":{"line":28,"column":15},"end":{"line":28,"column":16}},"loc":{"start":{"line":28,"column":22},"end":{"line":32,"column":9}},"line":28},"5":{"name":"(anonymous_5)","decl":{"start":{"line":37,"column":12},"end":{"line":37,"column":13}},"loc":{"start":{"line":37,"column":18},"end":{"line":75,"column":3}},"line":37},"6":{"name":"getWeatherDataByCity","decl":{"start":{"line":39,"column":21},"end":{"line":39,"column":41}},"loc":{"start":{"line":39,"column":44},"end":{"line":52,"column":7}},"line":39},"7":{"name":"getForecastDataByCity","decl":{"start":{"line":54,"column":21},"end":{"line":54,"column":42}},"loc":{"start":{"line":54,"column":45},"end":{"line":70,"column":7}},"line":54}},"branchMap":{"0":{"loc":{"start":{"line":24,"column":10},"end":{"line":24,"column":99}},"type":"if","locations":[{"start":{"line":24,"column":10},"end":{"line":24,"column":99}},{"start":{},"end":{}}],"line":24},"1":{"loc":{"start":{"line":38,"column":4},"end":{"line":74,"column":5}},"type":"if","locations":[{"start":{"line":38,"column":4},"end":{"line":74,"column":5}},{"start":{},"end":{}}],"line":38},"2":{"loc":{"start":{"line":38,"column":8},"end":{"line":38,"column":36}},"type":"binary-expr","locations":[{"start":{"line":38,"column":8},"end":{"line":38,"column":16}},{"start":{"line":38,"column":20},"end":{"line":38,"column":36}}],"line":38},"3":{"loc":{"start":{"line":43,"column":8},"end":{"line":51,"column":9}},"type":"if","locations":[{"start":{"line":43,"column":8},"end":{"line":51,"column":9}},{"start":{"line":45,"column":15},"end":{"line":51,"column":9}}],"line":43},"4":{"loc":{"start":{"line":61,"column":8},"end":{"line":69,"column":9}},"type":"if","locations":[{"start":{"line":61,"column":8},"end":{"line":69,"column":9}},{"start":{"line":63,"column":15},"end":{"line":69,"column":9}}],"line":61},"5":{"loc":{"start":{"line":82,"column":9},"end":{"line":89,"column":9}},"type":"cond-expr","locations":[{"start":{"line":83,"column":10},"end":{"line":83,"column":84}},{"start":{"line":85,"column":10},"end":{"line":88,"column":13}}],"line":82},"6":{"loc":{"start":{"line":82,"column":9},"end":{"line":82,"column":44}},"type":"binary-expr","locations":[{"start":{"line":82,"column":9},"end":{"line":82,"column":25}},{"start":{"line":82,"column":29},"end":{"line":82,"column":44}}],"line":82},"7":{"loc":{"start":{"line":83,"column":29},"end":{"line":83,"column":80}},"type":"binary-expr","locations":[{"start":{"line":83,"column":29},"end":{"line":83,"column":45}},{"start":{"line":83,"column":49},"end":{"line":83,"column":80}}],"line":83}},"s":{"0":4,"1":2,"2":2,"3":2,"4":2,"5":2,"6":2,"7":2,"8":2,"9":2,"10":2,"11":0,"12":0,"13":2,"14":2,"15":2,"16":2,"17":2,"18":2,"19":0,"20":0,"21":0,"22":0,"23":0,"24":0,"25":0,"26":0,"27":0,"28":0,"29":0,"30":0,"31":0,"32":0,"33":0,"34":0,"35":0,"36":0,"37":0,"38":0,"39":0,"40":0,"41":0,"42":2},"f":{"0":4,"1":2,"2":2,"3":2,"4":2,"5":2,"6":0,"7":0},"b":{"0":[2,0],"1":[0,2],"2":[2,0],"3":[0,0],"4":[0,0],"5":[2,0],"6":[2,2],"7":[2,0]},"_coverageSchema":"1a1c01bbd47fc00a2c39e90264f33305004495a9","hash":"acba79c1ad310106f373b07fb7301f963e4f9787"}
,"E:\\Mis Documentos\\Escritorio\\ProyectosEntrevistas\\2022\\Telecom\\weather-app-with-fastify\\frontend\\src\\index.js": {"path":"E:\\Mis Documentos\\Escritorio\\ProyectosEntrevistas\\2022\\Telecom\\weather-app-with-fastify\\frontend\\src\\index.js","statementMap":{"0":{"start":{"line":6,"column":0},"end":{"line":11,"column":1}}},"fnMap":{},"branchMap":{},"s":{"0":0},"f":{},"b":{}}
,"E:\\Mis Documentos\\Escritorio\\ProyectosEntrevistas\\2022\\Telecom\\weather-app-with-fastify\\frontend\\src\\components\\CityName\\CityName.js": {"path":"E:\\Mis Documentos\\Escritorio\\ProyectosEntrevistas\\2022\\Telecom\\weather-app-with-fastify\\frontend\\src\\components\\CityName\\CityName.js","statementMap":{"0":{"start":{"line":4,"column":16},"end":{"line":6,"column":51}},"1":{"start":{"line":7,"column":2},"end":{"line":7,"column":52}}},"fnMap":{"0":{"name":"CityName","decl":{"start":{"line":3,"column":24},"end":{"line":3,"column":32}},"loc":{"start":{"line":3,"column":58},"end":{"line":8,"column":1}},"line":3}},"branchMap":{"0":{"loc":{"start":{"line":4,"column":16},"end":{"line":6,"column":51}},"type":"cond-expr","locations":[{"start":{"line":5,"column":6},"end":{"line":5,"column":31}},{"start":{"line":6,"column":6},"end":{"line":6,"column":51}}],"line":4}},"s":{"0":6,"1":6},"f":{"0":6},"b":{"0":[3,3]},"_coverageSchema":"1a1c01bbd47fc00a2c39e90264f33305004495a9","hash":"d454290156167502c34e5095677932e355df7eb9"}
,"E:\\Mis Documentos\\Escritorio\\ProyectosEntrevistas\\2022\\Telecom\\weather-app-with-fastify\\frontend\\src\\components\\ErrorMessage\\ErrorMessage.js": {"path":"E:\\Mis Documentos\\Escritorio\\ProyectosEntrevistas\\2022\\Telecom\\weather-app-with-fastify\\frontend\\src\\components\\ErrorMessage\\ErrorMessage.js","statementMap":{"0":{"start":{"line":4,"column":2},"end":{"line":4,"column":50}}},"fnMap":{"0":{"name":"ErrorMessage","decl":{"start":{"line":3,"column":24},"end":{"line":3,"column":36}},"loc":{"start":{"line":3,"column":46},"end":{"line":5,"column":1}},"line":3}},"branchMap":{},"s":{"0":4},"f":{"0":4},"b":{},"_coverageSchema":"1a1c01bbd47fc00a2c39e90264f33305004495a9","hash":"24fbfec8813001bb5083a735179f0e003f2164dc"}
,"E:\\Mis Documentos\\Escritorio\\ProyectosEntrevistas\\2022\\Telecom\\weather-app-with-fastify\\frontend\\src\\components\\Footer\\Footer.js": {"path":"E:\\Mis Documentos\\Escritorio\\ProyectosEntrevistas\\2022\\Telecom\\weather-app-with-fastify\\frontend\\src\\components\\Footer\\Footer.js","statementMap":{"0":{"start":{"line":5,"column":15},"end":{"line":30,"column":1}},"1":{"start":{"line":6,"column":27},"end":{"line":6,"column":68}},"2":{"start":{"line":6,"column":41},"end":{"line":6,"column":63}},"3":{"start":{"line":7,"column":2},"end":{"line":29,"column":3}},"4":{"start":{"line":11,"column":10},"end":{"line":17,"column":14}},"5":{"start":{"line":13,"column":27},"end":{"line":13,"column":93}}},"fnMap":{"0":{"name":"(anonymous_0)","decl":{"start":{"line":5,"column":15},"end":{"line":5,"column":16}},"loc":{"start":{"line":5,"column":35},"end":{"line":30,"column":1}},"line":5},"1":{"name":"(anonymous_1)","decl":{"start":{"line":6,"column":35},"end":{"line":6,"column":36}},"loc":{"start":{"line":6,"column":41},"end":{"line":6,"column":63}},"line":6},"2":{"name":"(anonymous_2)","decl":{"start":{"line":10,"column":30},"end":{"line":10,"column":31}},"loc":{"start":{"line":11,"column":10},"end":{"line":17,"column":14}},"line":11},"3":{"name":"(anonymous_3)","decl":{"start":{"line":13,"column":21},"end":{"line":13,"column":22}},"loc":{"start":{"line":13,"column":27},"end":{"line":13,"column":93}},"line":13}},"branchMap":{"0":{"loc":{"start":{"line":13,"column":27},"end":{"line":13,"column":93}},"type":"binary-expr","locations":[{"start":{"line":13,"column":27},"end":{"line":13,"column":37}},{"start":{"line":13,"column":41},"end":{"line":13,"column":73}},{"start":{"line":13,"column":77},"end":{"line":13,"column":93}}],"line":13}},"s":{"0":3,"1":5,"2":5,"3":5,"4":25,"5":2},"f":{"0":5,"1":5,"2":25,"3":2},"b":{"0":[2,1,1]},"_coverageSchema":"1a1c01bbd47fc00a2c39e90264f33305004495a9","hash":"5e8d726ca598aaf9c830bde42dabfb0c154c5e33"}
,"E:\\Mis Documentos\\Escritorio\\ProyectosEntrevistas\\2022\\Telecom\\weather-app-with-fastify\\frontend\\src\\components\\ForecastData\\ForecastData.js": {"path":"E:\\Mis Documentos\\Escritorio\\ProyectosEntrevistas\\2022\\Telecom\\weather-app-with-fastify\\frontend\\src\\components\\ForecastData\\ForecastData.js","statementMap":{"0":{"start":{"line":5,"column":2},"end":{"line":10,"column":5}},"1":{"start":{"line":6,"column":4},"end":{"line":10,"column":5}},"2":{"start":{"line":11,"column":2},"end":{"line":11,"column":69}},"3":{"start":{"line":11,"column":58},"end":{"line":11,"column":69}},"4":{"start":{"line":13,"column":24},"end":{"line":30,"column":8}},"5":{"start":{"line":14,"column":17},"end":{"line":14,"column":80}},"6":{"start":{"line":15,"column":4},"end":{"line":15,"column":63}},"7":{"start":{"line":15,"column":53},"end":{"line":15,"column":63}},"8":{"start":{"line":16,"column":4},"end":{"line":28,"column":5}},"9":{"start":{"line":17,"column":6},"end":{"line":21,"column":7}},"10":{"start":{"line":23,"column":6},"end":{"line":27,"column":7}},"11":{"start":{"line":29,"column":4},"end":{"line":29,"column":14}},"12":{"start":{"line":32,"column":2},"end":{"line":54,"column":3}},"13":{"start":{"line":36,"column":47},"end":{"line":36,"column":66}},"14":{"start":{"line":37,"column":10},"end":{"line":51,"column":11}}},"fnMap":{"0":{"name":"ForecastData","decl":{"start":{"line":4,"column":24},"end":{"line":4,"column":36}},"loc":{"start":{"line":4,"column":66},"end":{"line":55,"column":1}},"line":4},"1":{"name":"(anonymous_1)","decl":{"start":{"line":13,"column":49},"end":{"line":13,"column":50}},"loc":{"start":{"line":13,"column":64},"end":{"line":30,"column":3}},"line":13},"2":{"name":"(anonymous_2)","decl":{"start":{"line":35,"column":39},"end":{"line":35,"column":40}},"loc":{"start":{"line":35,"column":47},"end":{"line":52,"column":9}},"line":35}},"branchMap":{"0":{"loc":{"start":{"line":5,"column":2},"end":{"line":10,"column":5}},"type":"if","locations":[{"start":{"line":5,"column":2},"end":{"line":10,"column":5}},{"start":{},"end":{}}],"line":5},"1":{"loc":{"start":{"line":11,"column":2},"end":{"line":11,"column":69}},"type":"if","locations":[{"start":{"line":11,"column":2},"end":{"line":11,"column":69}},{"start":{},"end":{}}],"line":11},"2":{"loc":{"start":{"line":11,"column":6},"end":{"line":11,"column":56}},"type":"binary-expr","locations":[{"start":{"line":11,"column":6},"end":{"line":11,"column":19}},{"start":{"line":11,"column":23},"end":{"line":11,"column":56}}],"line":11},"3":{"loc":{"start":{"line":15,"column":4},"end":{"line":15,"column":63}},"type":"if","locations":[{"start":{"line":15,"column":4},"end":{"line":15,"column":63}},{"start":{},"end":{}}],"line":15},"4":{"loc":{"start":{"line":15,"column":8},"end":{"line":15,"column":51}},"type":"binary-expr","locations":[{"start":{"line":15,"column":8},"end":{"line":15,"column":37}},{"start":{"line":15,"column":41},"end":{"line":15,"column":51}}],"line":15},"5":{"loc":{"start":{"line":16,"column":4},"end":{"line":28,"column":5}},"type":"if","locations":[{"start":{"line":16,"column":4},"end":{"line":28,"column":5}},{"start":{"line":22,"column":11},"end":{"line":28,"column":5}}],"line":16},"6":{"loc":{"start":{"line":34,"column":7},"end":{"line":52,"column":10}},"type":"binary-expr","locations":[{"start":{"line":34,"column":7},"end":{"line":34,"column":20}},{"start":{"line":35,"column":8},"end":{"line":52,"column":10}}],"line":34}},"s":{"0":5,"1":2,"2":3,"3":1,"4":2,"5":11,"6":11,"7":3,"8":8,"9":6,"10":2,"11":8,"12":2,"13":6,"14":6},"f":{"0":5,"1":11,"2":6},"b":{"0":[2,3],"1":[1,2],"2":[3,2],"3":[3,8],"4":[11,3],"5":[6,2],"6":[2,2]},"_coverageSchema":"1a1c01bbd47fc00a2c39e90264f33305004495a9","hash":"c8c4b3c5669a724601f3a14e55b89726f7f31ad9"}
,"E:\\Mis Documentos\\Escritorio\\ProyectosEntrevistas\\2022\\Telecom\\weather-app-with-fastify\\frontend\\src\\components\\Header\\Header.js": {"path":"E:\\Mis Documentos\\Escritorio\\ProyectosEntrevistas\\2022\\Telecom\\weather-app-with-fastify\\frontend\\src\\components\\Header\\Header.js","statementMap":{"0":{"start":{"line":5,"column":2},"end":{"line":15,"column":3}}},"fnMap":{"0":{"name":"Header","decl":{"start":{"line":4,"column":24},"end":{"line":4,"column":30}},"loc":{"start":{"line":4,"column":33},"end":{"line":16,"column":1}},"line":4}},"branchMap":{},"s":{"0":3},"f":{"0":3},"b":{},"_coverageSchema":"1a1c01bbd47fc00a2c39e90264f33305004495a9","hash":"9480c84b3a3cb5a938cc5ca3c73c3c86c90e01b7"}
,"E:\\Mis Documentos\\Escritorio\\ProyectosEntrevistas\\2022\\Telecom\\weather-app-with-fastify\\frontend\\src\\components\\SpinningIcon\\SpinningIcon.js": {"path":"E:\\Mis Documentos\\Escritorio\\ProyectosEntrevistas\\2022\\Telecom\\weather-app-with-fastify\\frontend\\src\\components\\SpinningIcon\\SpinningIcon.js","statementMap":{"0":{"start":{"line":3,"column":2},"end":{"line":10,"column":3}}},"fnMap":{"0":{"name":"SpinningIcon","decl":{"start":{"line":2,"column":24},"end":{"line":2,"column":36}},"loc":{"start":{"line":2,"column":61},"end":{"line":11,"column":1}},"line":2}},"branchMap":{"0":{"loc":{"start":{"line":5,"column":20},"end":{"line":5,"column":85}},"type":"cond-expr","locations":[{"start":{"line":5,"column":34},"end":{"line":5,"column":63}},{"start":{"line":5,"column":66},"end":{"line":5,"column":85}}],"line":5}},"s":{"0":9},"f":{"0":9},"b":{"0":[7,2]},"_coverageSchema":"1a1c01bbd47fc00a2c39e90264f33305004495a9","hash":"ccb119cba84fcbcd4f8d1463f9441bda136cd59f"}
,"E:\\Mis Documentos\\Escritorio\\ProyectosEntrevistas\\2022\\Telecom\\weather-app-with-fastify\\frontend\\src\\components\\WeatherData\\WeatherData.js": {"path":"E:\\Mis Documentos\\Escritorio\\ProyectosEntrevistas\\2022\\Telecom\\weather-app-with-fastify\\frontend\\src\\components\\WeatherData\\WeatherData.js","statementMap":{"0":{"start":{"line":6,"column":31},"end":{"line":6,"column":60}},"1":{"start":{"line":7,"column":2},"end":{"line":34,"column":3}},"2":{"start":{"line":22,"column":16},"end":{"line":25,"column":22}}},"fnMap":{"0":{"name":"WeatherData","decl":{"start":{"line":5,"column":24},"end":{"line":5,"column":35}},"loc":{"start":{"line":5,"column":64},"end":{"line":35,"column":1}},"line":5},"1":{"name":"(anonymous_1)","decl":{"start":{"line":21,"column":46},"end":{"line":21,"column":47}},"loc":{"start":{"line":22,"column":16},"end":{"line":25,"column":22}},"line":22}},"branchMap":{"0":{"loc":{"start":{"line":9,"column":7},"end":{"line":32,"column":7}},"type":"cond-expr","locations":[{"start":{"line":10,"column":8},"end":{"line":12,"column":14}},{"start":{"line":13,"column":10},"end":{"line":32,"column":7}}],"line":9},"1":{"loc":{"start":{"line":13,"column":10},"end":{"line":32,"column":7}},"type":"cond-expr","locations":[{"start":{"line":14,"column":8},"end":{"line":29,"column":11}},{"start":{"line":31,"column":8},"end":{"line":31,"column":44}}],"line":13}},"s":{"0":4,"1":4,"2":6},"f":{"0":4,"1":6},"b":{"0":[1,3],"1":[1,2]},"_coverageSchema":"1a1c01bbd47fc00a2c39e90264f33305004495a9","hash":"91737a3fd28d656145e73420e946c1e577b9c6bd"}
,"E:\\Mis Documentos\\Escritorio\\ProyectosEntrevistas\\2022\\Telecom\\weather-app-with-fastify\\frontend\\src\\lib\\lib.js": {"path":"E:\\Mis Documentos\\Escritorio\\ProyectosEntrevistas\\2022\\Telecom\\weather-app-with-fastify\\frontend\\src\\lib\\lib.js","statementMap":{"0":{"start":{"line":1,"column":27},"end":{"line":4,"column":1}},"1":{"start":{"line":6,"column":33},"end":{"line":6,"column":47}},"2":{"start":{"line":7,"column":40},"end":{"line":7,"column":53}},"3":{"start":{"line":8,"column":41},"end":{"line":8,"column":55}},"4":{"start":{"line":10,"column":27},"end":{"line":20,"column":1}},"5":{"start":{"line":11,"column":2},"end":{"line":19,"column":6}},"6":{"start":{"line":13,"column":6},"end":{"line":13,"column":50}},"7":{"start":{"line":13,"column":19},"end":{"line":13,"column":50}},"8":{"start":{"line":14,"column":6},"end":{"line":14,"column":23}},"9":{"start":{"line":16,"column":22},"end":{"line":16,"column":30}},"10":{"start":{"line":18,"column":6},"end":{"line":18,"column":15}},"11":{"start":{"line":22,"column":44},"end":{"line":37,"column":1}},"12":{"start":{"line":23,"column":2},"end":{"line":28,"column":15}},"13":{"start":{"line":28,"column":4},"end":{"line":28,"column":15}},"14":{"start":{"line":29,"column":15},"end":{"line":29,"column":56}},"15":{"start":{"line":30,"column":2},"end":{"line":32,"column":3}},"16":{"start":{"line":31,"column":4},"end":{"line":31,"column":55}},"17":{"start":{"line":33,"column":2},"end":{"line":36,"column":23}},"18":{"start":{"line":34,"column":17},"end":{"line":34,"column":27}},"19":{"start":{"line":35,"column":18},"end":{"line":35,"column":22}},"20":{"start":{"line":36,"column":18},"end":{"line":36,"column":22}},"21":{"start":{"line":39,"column":32},"end":{"line":63,"column":1}},"22":{"start":{"line":40,"column":2},"end":{"line":40,"column":67}},"23":{"start":{"line":40,"column":56},"end":{"line":40,"column":67}},"24":{"start":{"line":41,"column":2},"end":{"line":62,"column":3}},"25":{"start":{"line":42,"column":36},"end":{"line":42,"column":47}},"26":{"start":{"line":43,"column":41},"end":{"line":43,"column":45}},"27":{"start":{"line":44,"column":22},"end":{"line":44,"column":26}},"28":{"start":{"line":45,"column":53},"end":{"line":45,"column":63}},"29":{"start":{"line":46,"column":20},"end":{"line":46,"column":88}},"30":{"start":{"line":48,"column":4},"end":{"line":58,"column":5}},"31":{"start":{"line":60,"column":4},"end":{"line":60,"column":72}},"32":{"start":{"line":61,"column":4},"end":{"line":61,"column":15}}},"fnMap":{"0":{"name":"(anonymous_0)","decl":{"start":{"line":10,"column":27},"end":{"line":10,"column":28}},"loc":{"start":{"line":10,"column":33},"end":{"line":20,"column":1}},"line":10},"1":{"name":"(anonymous_1)","decl":{"start":{"line":12,"column":10},"end":{"line":12,"column":11}},"loc":{"start":{"line":12,"column":17},"end":{"line":15,"column":5}},"line":12},"2":{"name":"(anonymous_2)","decl":{"start":{"line":16,"column":10},"end":{"line":16,"column":11}},"loc":{"start":{"line":16,"column":22},"end":{"line":16,"column":30}},"line":16},"3":{"name":"(anonymous_3)","decl":{"start":{"line":17,"column":11},"end":{"line":17,"column":12}},"loc":{"start":{"line":17,"column":18},"end":{"line":19,"column":5}},"line":17},"4":{"name":"(anonymous_4)","decl":{"start":{"line":22,"column":44},"end":{"line":22,"column":45}},"loc":{"start":{"line":22,"column":71},"end":{"line":37,"column":1}},"line":22},"5":{"name":"(anonymous_5)","decl":{"start":{"line":34,"column":10},"end":{"line":34,"column":11}},"loc":{"start":{"line":34,"column":17},"end":{"line":34,"column":27}},"line":34},"6":{"name":"(anonymous_6)","decl":{"start":{"line":35,"column":10},"end":{"line":35,"column":11}},"loc":{"start":{"line":35,"column":18},"end":{"line":35,"column":22}},"line":35},"7":{"name":"(anonymous_7)","decl":{"start":{"line":36,"column":11},"end":{"line":36,"column":12}},"loc":{"start":{"line":36,"column":18},"end":{"line":36,"column":22}},"line":36},"8":{"name":"(anonymous_8)","decl":{"start":{"line":39,"column":32},"end":{"line":39,"column":33}},"loc":{"start":{"line":39,"column":47},"end":{"line":63,"column":1}},"line":39}},"branchMap":{"0":{"loc":{"start":{"line":13,"column":6},"end":{"line":13,"column":50}},"type":"if","locations":[{"start":{"line":13,"column":6},"end":{"line":13,"column":50}},{"start":{},"end":{}}],"line":13},"1":{"loc":{"start":{"line":23,"column":2},"end":{"line":28,"column":15}},"type":"if","locations":[{"start":{"line":23,"column":2},"end":{"line":28,"column":15}},{"start":{},"end":{}}],"line":23},"2":{"loc":{"start":{"line":24,"column":4},"end":{"line":26,"column":81}},"type":"binary-expr","locations":[{"start":{"line":24,"column":4},"end":{"line":24,"column":16}},{"start":{"line":25,"column":4},"end":{"line":25,"column":13}},{"start":{"line":26,"column":5},"end":{"line":26,"column":40}},{"start":{"line":26,"column":44},"end":{"line":26,"column":80}}],"line":24},"3":{"loc":{"start":{"line":30,"column":2},"end":{"line":32,"column":3}},"type":"if","locations":[{"start":{"line":30,"column":2},"end":{"line":32,"column":3}},{"start":{},"end":{}}],"line":30},"4":{"loc":{"start":{"line":40,"column":2},"end":{"line":40,"column":67}},"type":"if","locations":[{"start":{"line":40,"column":2},"end":{"line":40,"column":67}},{"start":{},"end":{}}],"line":40},"5":{"loc":{"start":{"line":40,"column":6},"end":{"line":40,"column":54}},"type":"binary-expr","locations":[{"start":{"line":40,"column":6},"end":{"line":40,"column":18}},{"start":{"line":40,"column":22},"end":{"line":40,"column":54}}],"line":40}},"s":{"0":4,"1":4,"2":4,"3":4,"4":4,"5":3,"6":3,"7":0,"8":3,"9":3,"10":0,"11":4,"12":7,"13":5,"14":2,"15":2,"16":1,"17":2,"18":2,"19":2,"20":0,"21":4,"22":9,"23":6,"24":3,"25":3,"26":3,"27":3,"28":2,"29":2,"30":2,"31":1,"32":1},"f":{"0":3,"1":3,"2":3,"3":0,"4":7,"5":2,"6":2,"7":0,"8":9},"b":{"0":[0,3],"1":[5,2],"2":[7,4,2,1],"3":[1,1],"4":[6,3],"5":[9,5]},"_coverageSchema":"1a1c01bbd47fc00a2c39e90264f33305004495a9","hash":"f9cca2502de3b1123c24c095e2ba3fe54157a2d1"}
,"E:\\Mis Documentos\\Escritorio\\ProyectosEntrevistas\\2022\\Telecom\\weather-app-with-fastify\\frontend\\src\\utils\\utils.js": {"path":"E:\\Mis Documentos\\Escritorio\\ProyectosEntrevistas\\2022\\Telecom\\weather-app-with-fastify\\frontend\\src\\utils\\utils.js","statementMap":{"0":{"start":{"line":1,"column":25},"end":{"line":15,"column":1}},"1":{"start":{"line":17,"column":35},"end":{"line":28,"column":1}},"2":{"start":{"line":18,"column":21},"end":{"line":18,"column":23}},"3":{"start":{"line":19,"column":2},"end":{"line":26,"column":3}},"4":{"start":{"line":19,"column":15},"end":{"line":19,"column":16}},"5":{"start":{"line":20,"column":23},"end":{"line":20,"column":92}},"6":{"start":{"line":21,"column":4},"end":{"line":25,"column":5}},"7":{"start":{"line":22,"column":6},"end":{"line":22,"column":33}},"8":{"start":{"line":24,"column":6},"end":{"line":24,"column":9}},"9":{"start":{"line":27,"column":2},"end":{"line":27,"column":19}}},"fnMap":{"0":{"name":"(anonymous_0)","decl":{"start":{"line":17,"column":35},"end":{"line":17,"column":36}},"loc":{"start":{"line":17,"column":53},"end":{"line":28,"column":1}},"line":17}},"branchMap":{"0":{"loc":{"start":{"line":17,"column":36},"end":{"line":17,"column":48}},"type":"default-arg","locations":[{"start":{"line":17,"column":47},"end":{"line":17,"column":48}}],"line":17},"1":{"loc":{"start":{"line":21,"column":4},"end":{"line":25,"column":5}},"type":"if","locations":[{"start":{"line":21,"column":4},"end":{"line":25,"column":5}},{"start":{"line":23,"column":11},"end":{"line":25,"column":5}}],"line":21}},"s":{"0":4,"1":4,"2":7,"3":7,"4":7,"5":35,"6":35,"7":31,"8":4,"9":7},"f":{"0":7},"b":{"0":[1],"1":[31,4]},"_coverageSchema":"1a1c01bbd47fc00a2c39e90264f33305004495a9","hash":"c4794897b1efb82521cba4b30575c1a1e804ecd4"}
}
