{"E:\\Mis Documentos\\Escritorio\\ProyectosEntrevistas\\2022\\Telecom\\weather-app-with-fastify\\frontend\\src\\App.js": {"path":"E:\\Mis Documentos\\Escritorio\\ProyectosEntrevistas\\2022\\Telecom\\weather-app-with-fastify\\frontend\\src\\App.js","statementMap":{"0":{"start":{"line":9,"column":20},"end":{"line":12,"column":1}},"1":{"start":{"line":14,"column":32},"end":{"line":14,"column":63}},"2":{"start":{"line":17,"column":26},"end":{"line":17,"column":38}},"3":{"start":{"line":18,"column":48},"end":{"line":18,"column":62}},"4":{"start":{"line":19,"column":54},"end":{"line":19,"column":69}},"5":{"start":{"line":20,"column":56},"end":{"line":20,"column":71}},"6":{"start":{"line":21,"column":40},"end":{"line":21,"column":54}},"7":{"start":{"line":22,"column":42},"end":{"line":22,"column":56}},"8":{"start":{"line":24,"column":22},"end":{"line":29,"column":3}},"9":{"start":{"line":25,"column":4},"end":{"line":28,"column":25}},"10":{"start":{"line":26,"column":19},"end":{"line":26,"column":29}},"11":{"start":{"line":27,"column":20},"end":{"line":27,"column":24}},"12":{"start":{"line":28,"column":20},"end":{"line":28,"column":24}},"13":{"start":{"line":31,"column":39},"end":{"line":37,"column":3}},"14":{"start":{"line":32,"column":19},"end":{"line":32,"column":51}},"15":{"start":{"line":33,"column":4},"end":{"line":36,"column":25}},"16":{"start":{"line":34,"column":19},"end":{"line":34,"column":29}},"17":{"start":{"line":35,"column":20},"end":{"line":35,"column":24}},"18":{"start":{"line":36,"column":20},"end":{"line":36,"column":24}},"19":{"start":{"line":39,"column":2},"end":{"line":48,"column":8}},"20":{"start":{"line":41,"column":29},"end":{"line":43,"column":27}},"21":{"start":{"line":42,"column":26},"end":{"line":42,"column":34}},"22":{"start":{"line":43,"column":22},"end":{"line":43,"column":26}},"23":{"start":{"line":44,"column":6},"end":{"line":44,"column":31}},"24":{"start":{"line":45,"column":6},"end":{"line":45,"column":56}},"25":{"start":{"line":47,"column":4},"end":{"line":47,"column":20}},"26":{"start":{"line":50,"column":2},"end":{"line":69,"column":29}},"27":{"start":{"line":51,"column":4},"end":{"line":68,"column":5}},"28":{"start":{"line":53,"column":8},"end":{"line":53,"column":35}},"29":{"start":{"line":54,"column":34},"end":{"line":54,"column":95}},"30":{"start":{"line":55,"column":8},"end":{"line":55,"column":36}},"31":{"start":{"line":56,"column":8},"end":{"line":56,"column":49}},"32":{"start":{"line":58,"column":6},"end":{"line":58,"column":28}},"33":{"start":{"line":61,"column":8},"end":{"line":61,"column":36}},"34":{"start":{"line":62,"column":35},"end":{"line":62,"column":97}},"35":{"start":{"line":63,"column":8},"end":{"line":63,"column":37}},"36":{"start":{"line":64,"column":8},"end":{"line":64,"column":51}},"37":{"start":{"line":67,"column":6},"end":{"line":67,"column":29}},"38":{"start":{"line":71,"column":2},"end":{"line":81,"column":3}}},"fnMap":{"0":{"name":"App","decl":{"start":{"line":16,"column":9},"end":{"line":16,"column":12}},"loc":{"start":{"line":16,"column":15},"end":{"line":82,"column":1}},"line":16},"1":{"name":"(anonymous_1)","decl":{"start":{"line":24,"column":22},"end":{"line":24,"column":23}},"loc":{"start":{"line":24,"column":28},"end":{"line":29,"column":3}},"line":24},"2":{"name":"(anonymous_2)","decl":{"start":{"line":26,"column":12},"end":{"line":26,"column":13}},"loc":{"start":{"line":26,"column":19},"end":{"line":26,"column":29}},"line":26},"3":{"name":"(anonymous_3)","decl":{"start":{"line":27,"column":12},"end":{"line":27,"column":13}},"loc":{"start":{"line":27,"column":20},"end":{"line":27,"column":24}},"line":27},"4":{"name":"(anonymous_4)","decl":{"start":{"line":28,"column":13},"end":{"line":28,"column":14}},"loc":{"start":{"line":28,"column":20},"end":{"line":28,"column":24}},"line":28},"5":{"name":"(anonymous_5)","decl":{"start":{"line":31,"column":39},"end":{"line":31,"column":40}},"loc":{"start":{"line":31,"column":66},"end":{"line":37,"column":3}},"line":31},"6":{"name":"(anonymous_6)","decl":{"start":{"line":34,"column":12},"end":{"line":34,"column":13}},"loc":{"start":{"line":34,"column":19},"end":{"line":34,"column":29}},"line":34},"7":{"name":"(anonymous_7)","decl":{"start":{"line":35,"column":12},"end":{"line":35,"column":13}},"loc":{"start":{"line":35,"column":20},"end":{"line":35,"column":24}},"line":35},"8":{"name":"(anonymous_8)","decl":{"start":{"line":36,"column":13},"end":{"line":36,"column":14}},"loc":{"start":{"line":36,"column":20},"end":{"line":36,"column":24}},"line":36},"9":{"name":"(anonymous_9)","decl":{"start":{"line":39,"column":12},"end":{"line":39,"column":13}},"loc":{"start":{"line":39,"column":18},"end":{"line":48,"column":3}},"line":39},"10":{"name":"getInitialData","decl":{"start":{"line":40,"column":19},"end":{"line":40,"column":33}},"loc":{"start":{"line":40,"column":36},"end":{"line":46,"column":5}},"line":40},"11":{"name":"(anonymous_11)","decl":{"start":{"line":42,"column":14},"end":{"line":42,"column":15}},"loc":{"start":{"line":42,"column":26},"end":{"line":42,"column":34}},"line":42},"12":{"name":"(anonymous_12)","decl":{"start":{"line":43,"column":15},"end":{"line":43,"column":16}},"loc":{"start":{"line":43,"column":22},"end":{"line":43,"column":26}},"line":43},"13":{"name":"(anonymous_13)","decl":{"start":{"line":50,"column":12},"end":{"line":50,"column":13}},"loc":{"start":{"line":50,"column":18},"end":{"line":69,"column":3}},"line":50},"14":{"name":"getWeatherDataByCity","decl":{"start":{"line":52,"column":21},"end":{"line":52,"column":41}},"loc":{"start":{"line":52,"column":44},"end":{"line":57,"column":7}},"line":52},"15":{"name":"getForecastDataByCity","decl":{"start":{"line":60,"column":21},"end":{"line":60,"column":42}},"loc":{"start":{"line":60,"column":45},"end":{"line":65,"column":7}},"line":60}},"branchMap":{"0":{"loc":{"start":{"line":45,"column":14},"end":{"line":45,"column":55}},"type":"binary-expr","locations":[{"start":{"line":45,"column":14},"end":{"line":45,"column":28}},{"start":{"line":45,"column":32},"end":{"line":45,"column":55}}],"line":45},"1":{"loc":{"start":{"line":51,"column":4},"end":{"line":68,"column":5}},"type":"if","locations":[{"start":{"line":51,"column":4},"end":{"line":68,"column":5}},{"start":{},"end":{}}],"line":51},"2":{"loc":{"start":{"line":51,"column":8},"end":{"line":51,"column":68}},"type":"binary-expr","locations":[{"start":{"line":51,"column":8},"end":{"line":51,"column":12}},{"start":{"line":51,"column":16},"end":{"line":51,"column":48}},{"start":{"line":51,"column":52},"end":{"line":51,"column":68}}],"line":51},"3":{"loc":{"start":{"line":56,"column":23},"end":{"line":56,"column":48}},"type":"binary-expr","locations":[{"start":{"line":56,"column":23},"end":{"line":56,"column":40}},{"start":{"line":56,"column":44},"end":{"line":56,"column":48}}],"line":56},"4":{"loc":{"start":{"line":64,"column":24},"end":{"line":64,"column":50}},"type":"binary-expr","locations":[{"start":{"line":64,"column":24},"end":{"line":64,"column":42}},{"start":{"line":64,"column":46},"end":{"line":64,"column":50}}],"line":64}},"s":{"0":2,"1":2,"2":2,"3":2,"4":2,"5":2,"6":2,"7":2,"8":2,"9":2,"10":0,"11":0,"12":0,"13":2,"14":0,"15":0,"16":0,"17":0,"18":0,"19":2,"20":2,"21":0,"22":0,"23":0,"24":0,"25":2,"26":2,"27":2,"28":0,"29":0,"30":0,"31":0,"32":0,"33":0,"34":0,"35":0,"36":0,"37":0,"38":2},"f":{"0":2,"1":2,"2":0,"3":0,"4":0,"5":0,"6":0,"7":0,"8":0,"9":2,"10":2,"11":0,"12":0,"13":2,"14":0,"15":0},"b":{"0":[0,0],"1":[0,2],"2":[2,0,0],"3":[0,0],"4":[0,0]},"_coverageSchema":"1a1c01bbd47fc00a2c39e90264f33305004495a9","hash":"689d252f46696f5ee31d26283b61c4c33202ccae"}
,"E:\\Mis Documentos\\Escritorio\\ProyectosEntrevistas\\2022\\Telecom\\weather-app-with-fastify\\frontend\\src\\components\\Footer\\Footer.js": {"path":"E:\\Mis Documentos\\Escritorio\\ProyectosEntrevistas\\2022\\Telecom\\weather-app-with-fastify\\frontend\\src\\components\\Footer\\Footer.js","statementMap":{"0":{"start":{"line":5,"column":15},"end":{"line":30,"column":1}},"1":{"start":{"line":6,"column":27},"end":{"line":6,"column":68}},"2":{"start":{"line":6,"column":41},"end":{"line":6,"column":63}},"3":{"start":{"line":7,"column":2},"end":{"line":29,"column":3}},"4":{"start":{"line":11,"column":10},"end":{"line":17,"column":14}},"5":{"start":{"line":13,"column":27},"end":{"line":13,"column":93}}},"fnMap":{"0":{"name":"(anonymous_0)","decl":{"start":{"line":5,"column":15},"end":{"line":5,"column":16}},"loc":{"start":{"line":5,"column":35},"end":{"line":30,"column":1}},"line":5},"1":{"name":"(anonymous_1)","decl":{"start":{"line":6,"column":35},"end":{"line":6,"column":36}},"loc":{"start":{"line":6,"column":41},"end":{"line":6,"column":63}},"line":6},"2":{"name":"(anonymous_2)","decl":{"start":{"line":10,"column":30},"end":{"line":10,"column":31}},"loc":{"start":{"line":11,"column":10},"end":{"line":17,"column":14}},"line":11},"3":{"name":"(anonymous_3)","decl":{"start":{"line":13,"column":21},"end":{"line":13,"column":22}},"loc":{"start":{"line":13,"column":27},"end":{"line":13,"column":93}},"line":13}},"branchMap":{"0":{"loc":{"start":{"line":13,"column":27},"end":{"line":13,"column":93}},"type":"binary-expr","locations":[{"start":{"line":13,"column":27},"end":{"line":13,"column":37}},{"start":{"line":13,"column":41},"end":{"line":13,"column":73}},{"start":{"line":13,"column":77},"end":{"line":13,"column":93}}],"line":13}},"s":{"0":3,"1":5,"2":5,"3":5,"4":25,"5":2},"f":{"0":5,"1":5,"2":25,"3":2},"b":{"0":[2,1,1]},"_coverageSchema":"1a1c01bbd47fc00a2c39e90264f33305004495a9","hash":"5e8d726ca598aaf9c830bde42dabfb0c154c5e33"}
,"E:\\Mis Documentos\\Escritorio\\ProyectosEntrevistas\\2022\\Telecom\\weather-app-with-fastify\\frontend\\src\\components\\ForecastData\\ForecastData.js": {"path":"E:\\Mis Documentos\\Escritorio\\ProyectosEntrevistas\\2022\\Telecom\\weather-app-with-fastify\\frontend\\src\\components\\ForecastData\\ForecastData.js","statementMap":{"0":{"start":{"line":5,"column":2},"end":{"line":10,"column":5}},"1":{"start":{"line":6,"column":4},"end":{"line":10,"column":5}},"2":{"start":{"line":11,"column":2},"end":{"line":11,"column":69}},"3":{"start":{"line":11,"column":58},"end":{"line":11,"column":69}},"4":{"start":{"line":13,"column":24},"end":{"line":30,"column":8}},"5":{"start":{"line":14,"column":17},"end":{"line":14,"column":80}},"6":{"start":{"line":15,"column":4},"end":{"line":15,"column":63}},"7":{"start":{"line":15,"column":53},"end":{"line":15,"column":63}},"8":{"start":{"line":16,"column":4},"end":{"line":28,"column":5}},"9":{"start":{"line":17,"column":6},"end":{"line":21,"column":7}},"10":{"start":{"line":23,"column":6},"end":{"line":27,"column":7}},"11":{"start":{"line":29,"column":4},"end":{"line":29,"column":14}},"12":{"start":{"line":32,"column":2},"end":{"line":54,"column":3}},"13":{"start":{"line":36,"column":47},"end":{"line":36,"column":66}},"14":{"start":{"line":37,"column":10},"end":{"line":51,"column":11}}},"fnMap":{"0":{"name":"ForecastData","decl":{"start":{"line":4,"column":24},"end":{"line":4,"column":36}},"loc":{"start":{"line":4,"column":66},"end":{"line":55,"column":1}},"line":4},"1":{"name":"(anonymous_1)","decl":{"start":{"line":13,"column":49},"end":{"line":13,"column":50}},"loc":{"start":{"line":13,"column":64},"end":{"line":30,"column":3}},"line":13},"2":{"name":"(anonymous_2)","decl":{"start":{"line":35,"column":39},"end":{"line":35,"column":40}},"loc":{"start":{"line":35,"column":47},"end":{"line":52,"column":9}},"line":35}},"branchMap":{"0":{"loc":{"start":{"line":5,"column":2},"end":{"line":10,"column":5}},"type":"if","locations":[{"start":{"line":5,"column":2},"end":{"line":10,"column":5}},{"start":{},"end":{}}],"line":5},"1":{"loc":{"start":{"line":11,"column":2},"end":{"line":11,"column":69}},"type":"if","locations":[{"start":{"line":11,"column":2},"end":{"line":11,"column":69}},{"start":{},"end":{}}],"line":11},"2":{"loc":{"start":{"line":11,"column":6},"end":{"line":11,"column":56}},"type":"binary-expr","locations":[{"start":{"line":11,"column":6},"end":{"line":11,"column":19}},{"start":{"line":11,"column":23},"end":{"line":11,"column":56}}],"line":11},"3":{"loc":{"start":{"line":15,"column":4},"end":{"line":15,"column":63}},"type":"if","locations":[{"start":{"line":15,"column":4},"end":{"line":15,"column":63}},{"start":{},"end":{}}],"line":15},"4":{"loc":{"start":{"line":15,"column":8},"end":{"line":15,"column":51}},"type":"binary-expr","locations":[{"start":{"line":15,"column":8},"end":{"line":15,"column":37}},{"start":{"line":15,"column":41},"end":{"line":15,"column":51}}],"line":15},"5":{"loc":{"start":{"line":16,"column":4},"end":{"line":28,"column":5}},"type":"if","locations":[{"start":{"line":16,"column":4},"end":{"line":28,"column":5}},{"start":{"line":22,"column":11},"end":{"line":28,"column":5}}],"line":16},"6":{"loc":{"start":{"line":34,"column":7},"end":{"line":52,"column":10}},"type":"binary-expr","locations":[{"start":{"line":34,"column":7},"end":{"line":34,"column":20}},{"start":{"line":35,"column":8},"end":{"line":52,"column":10}}],"line":34}},"s":{"0":7,"1":2,"2":5,"3":3,"4":2,"5":11,"6":11,"7":3,"8":8,"9":6,"10":2,"11":8,"12":2,"13":6,"14":6},"f":{"0":7,"1":11,"2":6},"b":{"0":[2,5],"1":[3,2],"2":[5,2],"3":[3,8],"4":[11,3],"5":[6,2],"6":[2,2]},"_coverageSchema":"1a1c01bbd47fc00a2c39e90264f33305004495a9","hash":"c8c4b3c5669a724601f3a14e55b89726f7f31ad9"}
,"E:\\Mis Documentos\\Escritorio\\ProyectosEntrevistas\\2022\\Telecom\\weather-app-with-fastify\\frontend\\src\\components\\Header\\Header.js": {"path":"E:\\Mis Documentos\\Escritorio\\ProyectosEntrevistas\\2022\\Telecom\\weather-app-with-fastify\\frontend\\src\\components\\Header\\Header.js","statementMap":{"0":{"start":{"line":5,"column":2},"end":{"line":15,"column":3}}},"fnMap":{"0":{"name":"Header","decl":{"start":{"line":4,"column":24},"end":{"line":4,"column":30}},"loc":{"start":{"line":4,"column":33},"end":{"line":16,"column":1}},"line":4}},"branchMap":{},"s":{"0":3},"f":{"0":3},"b":{},"_coverageSchema":"1a1c01bbd47fc00a2c39e90264f33305004495a9","hash":"9480c84b3a3cb5a938cc5ca3c73c3c86c90e01b7"}
,"E:\\Mis Documentos\\Escritorio\\ProyectosEntrevistas\\2022\\Telecom\\weather-app-with-fastify\\frontend\\src\\utils\\utils.js": {"path":"E:\\Mis Documentos\\Escritorio\\ProyectosEntrevistas\\2022\\Telecom\\weather-app-with-fastify\\frontend\\src\\utils\\utils.js","statementMap":{"0":{"start":{"line":1,"column":25},"end":{"line":15,"column":1}},"1":{"start":{"line":17,"column":35},"end":{"line":28,"column":1}},"2":{"start":{"line":18,"column":21},"end":{"line":18,"column":23}},"3":{"start":{"line":19,"column":2},"end":{"line":26,"column":3}},"4":{"start":{"line":19,"column":15},"end":{"line":19,"column":16}},"5":{"start":{"line":20,"column":23},"end":{"line":20,"column":92}},"6":{"start":{"line":21,"column":4},"end":{"line":25,"column":5}},"7":{"start":{"line":22,"column":6},"end":{"line":22,"column":33}},"8":{"start":{"line":24,"column":6},"end":{"line":24,"column":9}},"9":{"start":{"line":27,"column":2},"end":{"line":27,"column":19}}},"fnMap":{"0":{"name":"(anonymous_0)","decl":{"start":{"line":17,"column":35},"end":{"line":17,"column":36}},"loc":{"start":{"line":17,"column":53},"end":{"line":28,"column":1}},"line":17}},"branchMap":{"0":{"loc":{"start":{"line":17,"column":36},"end":{"line":17,"column":48}},"type":"default-arg","locations":[{"start":{"line":17,"column":47},"end":{"line":17,"column":48}}],"line":17},"1":{"loc":{"start":{"line":21,"column":4},"end":{"line":25,"column":5}},"type":"if","locations":[{"start":{"line":21,"column":4},"end":{"line":25,"column":5}},{"start":{"line":23,"column":11},"end":{"line":25,"column":5}}],"line":21}},"s":{"0":4,"1":4,"2":7,"3":7,"4":7,"5":36,"6":36,"7":31,"8":5,"9":7},"f":{"0":7},"b":{"0":[1],"1":[31,5]},"_coverageSchema":"1a1c01bbd47fc00a2c39e90264f33305004495a9","hash":"c4794897b1efb82521cba4b30575c1a1e804ecd4"}
}
