TN:
SF:src\App.js
FN:16,App
FN:24,(anonymous_1)
FN:26,(anonymous_2)
FN:27,(anonymous_3)
FN:28,(anonymous_4)
FN:31,(anonymous_5)
FN:34,(anonymous_6)
FN:35,(anonymous_7)
FN:36,(anonymous_8)
FN:39,(anonymous_9)
FN:40,getInitialData
FN:42,(anonymous_11)
FN:43,(anonymous_12)
FN:50,(anonymous_13)
FN:52,getWeatherDataByCity
FN:60,getForecastDataByCity
FNF:16
FNH:5
FNDA:2,App
FNDA:2,(anonymous_1)
FNDA:0,(anonymous_2)
FNDA:0,(anonymous_3)
FNDA:0,(anonymous_4)
FNDA:0,(anonymous_5)
FNDA:0,(anonymous_6)
FNDA:0,(anonymous_7)
FNDA:0,(anonymous_8)
FNDA:2,(anonymous_9)
FNDA:2,getInitialData
FNDA:0,(anonymous_11)
FNDA:0,(anonymous_12)
FNDA:2,(anonymous_13)
FNDA:0,getWeatherDataByCity
FNDA:0,getForecastDataByCity
DA:9,2
DA:14,2
DA:17,2
DA:18,2
DA:19,2
DA:20,2
DA:21,2
DA:22,2
DA:24,2
DA:25,2
DA:26,0
DA:27,0
DA:28,0
DA:31,2
DA:32,0
DA:33,0
DA:34,0
DA:35,0
DA:36,0
DA:39,2
DA:41,2
DA:42,0
DA:43,0
DA:44,0
DA:45,0
DA:47,2
DA:50,2
DA:51,2
DA:53,0
DA:54,0
DA:55,0
DA:56,0
DA:58,0
DA:61,0
DA:62,0
DA:63,0
DA:64,0
DA:67,0
DA:71,2
LF:39
LH:17
BRDA:45,0,0,0
BRDA:45,0,1,0
BRDA:51,1,0,0
BRDA:51,1,1,2
BRDA:51,2,0,2
BRDA:51,2,1,0
BRDA:51,2,2,0
BRDA:56,3,0,0
BRDA:56,3,1,0
BRDA:64,4,0,0
BRDA:64,4,1,0
BRF:11
BRH:2
end_of_record
TN:
SF:src\components\Footer\Footer.js
FN:5,(anonymous_0)
FN:6,(anonymous_1)
FN:10,(anonymous_2)
FN:13,(anonymous_3)
FNF:4
FNH:4
FNDA:5,(anonymous_0)
FNDA:5,(anonymous_1)
FNDA:25,(anonymous_2)
FNDA:2,(anonymous_3)
DA:5,3
DA:6,5
DA:7,5
DA:11,25
DA:13,2
LF:5
LH:5
BRDA:13,0,0,2
BRDA:13,0,1,1
BRDA:13,0,2,1
BRF:3
BRH:3
end_of_record
TN:
SF:src\components\ForecastData\ForecastData.js
FN:4,ForecastData
FN:13,(anonymous_1)
FN:35,(anonymous_2)
FNF:3
FNH:3
FNDA:7,ForecastData
FNDA:11,(anonymous_1)
FNDA:6,(anonymous_2)
DA:5,7
DA:6,2
DA:11,5
DA:13,2
DA:14,11
DA:15,11
DA:16,8
DA:17,6
DA:23,2
DA:29,8
DA:32,2
DA:36,6
DA:37,6
LF:13
LH:13
BRDA:5,0,0,2
BRDA:5,0,1,5
BRDA:11,1,0,3
BRDA:11,1,1,2
BRDA:11,2,0,5
BRDA:11,2,1,2
BRDA:15,3,0,3
BRDA:15,3,1,8
BRDA:15,4,0,11
BRDA:15,4,1,3
BRDA:16,5,0,6
BRDA:16,5,1,2
BRDA:34,6,0,2
BRDA:34,6,1,2
BRF:14
BRH:14
end_of_record
TN:
SF:src\components\Header\Header.js
FN:4,Header
FNF:1
FNH:1
FNDA:3,Header
DA:5,3
LF:1
LH:1
BRF:0
BRH:0
end_of_record
TN:
SF:src\utils\utils.js
FN:17,(anonymous_0)
FNF:1
FNH:1
FNDA:7,(anonymous_0)
DA:1,4
DA:17,4
DA:18,7
DA:19,7
DA:20,36
DA:21,36
DA:22,31
DA:24,5
DA:27,7
LF:9
LH:9
BRDA:17,0,0,1
BRDA:21,1,0,31
BRDA:21,1,1,5
BRF:3
BRH:3
end_of_record
