TN:
SF:src\App.js
FN:11,App
FN:20,(anonymous_1)
FN:21,getCity
FN:23,(anonymous_3)
FN:28,(anonymous_4)
FN:37,(anonymous_5)
FN:39,getWeatherDataByCity
FN:54,getForecastDataByCity
FNF:8
FNH:6
FNDA:4,App
FNDA:2,(anonymous_1)
FNDA:2,getCity
FNDA:2,(anonymous_3)
FNDA:2,(anonymous_4)
FNDA:2,(anonymous_5)
FNDA:0,getWeatherDataByCity
FNDA:0,getForecastDataByCity
DA:12,4
DA:13,2
DA:14,2
DA:15,2
DA:16,2
DA:17,2
DA:18,2
DA:20,2
DA:22,2
DA:24,2
DA:25,0
DA:26,0
DA:29,2
DA:30,2
DA:31,2
DA:34,2
DA:37,2
DA:38,2
DA:40,0
DA:41,0
DA:42,0
DA:43,0
DA:44,0
DA:46,0
DA:47,0
DA:48,0
DA:49,0
DA:50,0
DA:55,0
DA:56,0
DA:60,0
DA:61,0
DA:62,0
DA:64,0
DA:65,0
DA:66,0
DA:67,0
DA:68,0
DA:71,0
DA:72,0
DA:73,0
DA:77,2
LF:42
LH:17
BRDA:24,0,0,2
BRDA:24,0,1,0
BRDA:38,1,0,0
BRDA:38,1,1,2
BRDA:38,2,0,2
BRDA:38,2,1,0
BRDA:43,3,0,0
BRDA:43,3,1,0
BRDA:61,4,0,0
BRDA:61,4,1,0
BRDA:82,5,0,2
BRDA:82,5,1,0
BRDA:82,6,0,2
BRDA:82,6,1,2
BRDA:83,7,0,2
BRDA:83,7,1,0
BRF:16
BRH:7
end_of_record
TN:
SF:src\index.js
FNF:0
FNH:0
DA:6,0
LF:1
LH:0
BRF:0
BRH:0
end_of_record
TN:
SF:src\components\CityName\CityName.js
FN:3,CityName
FNF:1
FNH:1
FNDA:6,CityName
DA:4,6
DA:7,6
LF:2
LH:2
BRDA:4,0,0,3
BRDA:4,0,1,3
BRF:2
BRH:2
end_of_record
TN:
SF:src\components\ErrorMessage\ErrorMessage.js
FN:3,ErrorMessage
FNF:1
FNH:1
FNDA:2,ErrorMessage
DA:4,2
LF:1
LH:1
BRF:0
BRH:0
end_of_record
TN:
SF:src\components\Footer\Footer.js
FN:5,(anonymous_0)
FN:6,(anonymous_1)
FN:10,(anonymous_2)
FN:13,(anonymous_3)
FNF:4
FNH:4
FNDA:5,(anonymous_0)
FNDA:5,(anonymous_1)
FNDA:25,(anonymous_2)
FNDA:2,(anonymous_3)
DA:5,3
DA:6,5
DA:7,5
DA:11,25
DA:13,2
LF:5
LH:5
BRDA:13,0,0,2
BRDA:13,0,1,1
BRDA:13,0,2,1
BRF:3
BRH:3
end_of_record
TN:
SF:src\components\ForecastData\ForecastData.js
FN:4,ForecastData
FN:13,(anonymous_1)
FN:35,(anonymous_2)
FNF:3
FNH:3
FNDA:5,ForecastData
FNDA:11,(anonymous_1)
FNDA:6,(anonymous_2)
DA:5,5
DA:6,2
DA:11,3
DA:13,2
DA:14,11
DA:15,11
DA:16,8
DA:17,6
DA:23,2
DA:29,8
DA:32,2
DA:36,6
DA:37,6
LF:13
LH:13
BRDA:5,0,0,2
BRDA:5,0,1,3
BRDA:11,1,0,1
BRDA:11,1,1,2
BRDA:11,2,0,3
BRDA:11,2,1,2
BRDA:15,3,0,3
BRDA:15,3,1,8
BRDA:15,4,0,11
BRDA:15,4,1,3
BRDA:16,5,0,6
BRDA:16,5,1,2
BRDA:34,6,0,2
BRDA:34,6,1,2
BRF:14
BRH:14
end_of_record
TN:
SF:src\components\Header\Header.js
FN:4,Header
FNF:1
FNH:1
FNDA:3,Header
DA:5,3
LF:1
LH:1
BRF:0
BRH:0
end_of_record
TN:
SF:src\components\SpinningIcon\SpinningIcon.js
FN:2,SpinningIcon
FNF:1
FNH:1
FNDA:9,SpinningIcon
DA:3,9
LF:1
LH:1
BRDA:5,0,0,7
BRDA:5,0,1,2
BRF:2
BRH:2
end_of_record
TN:
SF:src\components\WeatherData\WeatherData.js
FN:5,WeatherData
FN:21,(anonymous_1)
FNF:2
FNH:2
FNDA:4,WeatherData
FNDA:6,(anonymous_1)
DA:6,4
DA:7,4
DA:22,6
LF:3
LH:3
BRDA:9,0,0,1
BRDA:9,0,1,3
BRDA:13,1,0,1
BRDA:13,1,1,2
BRF:4
BRH:4
end_of_record
TN:
SF:src\lib\lib.js
FN:10,(anonymous_0)
FN:12,(anonymous_1)
FN:16,(anonymous_2)
FN:17,(anonymous_3)
FN:22,(anonymous_4)
FN:34,(anonymous_5)
FN:35,(anonymous_6)
FN:36,(anonymous_7)
FN:39,(anonymous_8)
FNF:9
FNH:7
FNDA:3,(anonymous_0)
FNDA:3,(anonymous_1)
FNDA:3,(anonymous_2)
FNDA:0,(anonymous_3)
FNDA:7,(anonymous_4)
FNDA:2,(anonymous_5)
FNDA:2,(anonymous_6)
FNDA:0,(anonymous_7)
FNDA:9,(anonymous_8)
DA:1,4
DA:6,4
DA:7,4
DA:8,4
DA:10,4
DA:11,3
DA:13,3
DA:14,3
DA:16,3
DA:18,0
DA:22,4
DA:23,7
DA:28,5
DA:29,2
DA:30,2
DA:31,1
DA:33,2
DA:34,2
DA:35,2
DA:36,0
DA:39,4
DA:40,9
DA:41,3
DA:42,3
DA:43,3
DA:44,3
DA:45,2
DA:46,2
DA:48,2
DA:60,1
DA:61,1
LF:31
LH:29
BRDA:13,0,0,0
BRDA:13,0,1,3
BRDA:23,1,0,5
BRDA:23,1,1,2
BRDA:24,2,0,7
BRDA:24,2,1,4
BRDA:24,2,2,2
BRDA:24,2,3,1
BRDA:30,3,0,1
BRDA:30,3,1,1
BRDA:40,4,0,6
BRDA:40,4,1,3
BRDA:40,5,0,9
BRDA:40,5,1,5
BRF:14
BRH:13
end_of_record
TN:
SF:src\utils\utils.js
FN:17,(anonymous_0)
FNF:1
FNH:1
FNDA:7,(anonymous_0)
DA:1,4
DA:17,4
DA:18,7
DA:19,7
DA:20,35
DA:21,35
DA:22,31
DA:24,4
DA:27,7
LF:9
LH:9
BRDA:17,0,0,1
BRDA:21,1,0,31
BRDA:21,1,1,4
BRF:3
BRH:3
end_of_record
