{"E:\\Mis Documentos\\Escritorio\\ProyectosEntrevistas\\2022\\Telecom\\weather-app-with-fastify\\backend\\lib\\lib.js": {"path":"E:\\Mis Documentos\\Escritorio\\ProyectosEntrevistas\\2022\\Telecom\\weather-app-with-fastify\\backend\\lib\\lib.js","statementMap":{"0":{"start":{"line":1,"column":18},"end":{"line":1,"column":39}},"1":{"start":{"line":2,"column":17},"end":{"line":2,"column":37}},"2":{"start":{"line":3,"column":26},"end":{"line":3,"column":51}},"3":{"start":{"line":5,"column":24},"end":{"line":8,"column":1}},"4":{"start":{"line":10,"column":25},"end":{"line":14,"column":1}},"5":{"start":{"line":11,"column":13},"end":{"line":11,"column":54}},"6":{"start":{"line":12,"column":23},"end":{"line":12,"column":52}},"7":{"start":{"line":13,"column":2},"end":{"line":13,"column":26}},"8":{"start":{"line":16,"column":35},"end":{"line":20,"column":1}},"9":{"start":{"line":17,"column":15},"end":{"line":17,"column":34}},"10":{"start":{"line":18,"column":19},"end":{"line":18,"column":56}},"11":{"start":{"line":19,"column":2},"end":{"line":19,"column":17}},"12":{"start":{"line":22,"column":28},"end":{"line":26,"column":1}},"13":{"start":{"line":23,"column":19},"end":{"line":23,"column":82}},"14":{"start":{"line":24,"column":23},"end":{"line":24,"column":44}},"15":{"start":{"line":25,"column":2},"end":{"line":25,"column":21}},"16":{"start":{"line":28,"column":39},"end":{"line":32,"column":1}},"17":{"start":{"line":29,"column":18},"end":{"line":29,"column":144}},"18":{"start":{"line":30,"column":19},"end":{"line":30,"column":41}},"19":{"start":{"line":31,"column":2},"end":{"line":31,"column":17}},"20":{"start":{"line":34,"column":29},"end":{"line":46,"column":1}},"21":{"start":{"line":35,"column":2},"end":{"line":45,"column":3}},"22":{"start":{"line":36,"column":19},"end":{"line":36,"column":80}},"23":{"start":{"line":37,"column":21},"end":{"line":37,"column":44}},"24":{"start":{"line":38,"column":24},"end":{"line":38,"column":45}},"25":{"start":{"line":39,"column":4},"end":{"line":40,"column":71}},"26":{"start":{"line":40,"column":6},"end":{"line":40,"column":71}},"27":{"start":{"line":41,"column":4},"end":{"line":41,"column":22}},"28":{"start":{"line":43,"column":4},"end":{"line":43,"column":22}},"29":{"start":{"line":44,"column":4},"end":{"line":44,"column":13}},"30":{"start":{"line":47,"column":23},"end":{"line":51,"column":1}},"31":{"start":{"line":48,"column":15},"end":{"line":48,"column":72}},"32":{"start":{"line":49,"column":22},"end":{"line":49,"column":54}},"33":{"start":{"line":50,"column":2},"end":{"line":50,"column":20}},"34":{"start":{"line":53,"column":30},"end":{"line":65,"column":1}},"35":{"start":{"line":54,"column":2},"end":{"line":64,"column":3}},"36":{"start":{"line":55,"column":19},"end":{"line":55,"column":81}},"37":{"start":{"line":56,"column":21},"end":{"line":56,"column":44}},"38":{"start":{"line":57,"column":25},"end":{"line":57,"column":46}},"39":{"start":{"line":58,"column":4},"end":{"line":59,"column":72}},"40":{"start":{"line":59,"column":6},"end":{"line":59,"column":72}},"41":{"start":{"line":60,"column":4},"end":{"line":60,"column":23}},"42":{"start":{"line":62,"column":4},"end":{"line":62,"column":22}},"43":{"start":{"line":63,"column":4},"end":{"line":63,"column":13}},"44":{"start":{"line":67,"column":24},"end":{"line":71,"column":1}},"45":{"start":{"line":68,"column":15},"end":{"line":68,"column":72}},"46":{"start":{"line":69,"column":23},"end":{"line":69,"column":56}},"47":{"start":{"line":70,"column":2},"end":{"line":70,"column":21}},"48":{"start":{"line":73,"column":0},"end":{"line":83,"column":1}}},"fnMap":{"0":{"name":"(anonymous_0)","decl":{"start":{"line":10,"column":25},"end":{"line":10,"column":26}},"loc":{"start":{"line":10,"column":42},"end":{"line":14,"column":1}},"line":10},"1":{"name":"(anonymous_1)","decl":{"start":{"line":16,"column":35},"end":{"line":16,"column":36}},"loc":{"start":{"line":16,"column":48},"end":{"line":20,"column":1}},"line":16},"2":{"name":"(anonymous_2)","decl":{"start":{"line":22,"column":28},"end":{"line":22,"column":29}},"loc":{"start":{"line":22,"column":40},"end":{"line":26,"column":1}},"line":22},"3":{"name":"(anonymous_3)","decl":{"start":{"line":28,"column":39},"end":{"line":28,"column":40}},"loc":{"start":{"line":28,"column":66},"end":{"line":32,"column":1}},"line":28},"4":{"name":"(anonymous_4)","decl":{"start":{"line":34,"column":29},"end":{"line":34,"column":30}},"loc":{"start":{"line":34,"column":43},"end":{"line":46,"column":1}},"line":34},"5":{"name":"(anonymous_5)","decl":{"start":{"line":47,"column":23},"end":{"line":47,"column":24}},"loc":{"start":{"line":47,"column":40},"end":{"line":51,"column":1}},"line":47},"6":{"name":"(anonymous_6)","decl":{"start":{"line":53,"column":30},"end":{"line":53,"column":31}},"loc":{"start":{"line":53,"column":44},"end":{"line":65,"column":1}},"line":53},"7":{"name":"(anonymous_7)","decl":{"start":{"line":67,"column":24},"end":{"line":67,"column":25}},"loc":{"start":{"line":67,"column":41},"end":{"line":71,"column":1}},"line":67}},"branchMap":{"0":{"loc":{"start":{"line":18,"column":19},"end":{"line":18,"column":56}},"type":"cond-expr","locations":[{"start":{"line":18,"column":43},"end":{"line":18,"column":47}},{"start":{"line":18,"column":50},"end":{"line":18,"column":56}}],"line":18},"1":{"loc":{"start":{"line":39,"column":4},"end":{"line":40,"column":71}},"type":"if","locations":[{"start":{"line":39,"column":4},"end":{"line":40,"column":71}},{"start":{},"end":{}}],"line":39},"2":{"loc":{"start":{"line":39,"column":8},"end":{"line":39,"column":72}},"type":"binary-expr","locations":[{"start":{"line":39,"column":8},"end":{"line":39,"column":20}},{"start":{"line":39,"column":24},"end":{"line":39,"column":48}},{"start":{"line":39,"column":52},"end":{"line":39,"column":72}}],"line":39},"3":{"loc":{"start":{"line":48,"column":15},"end":{"line":48,"column":72}},"type":"binary-expr","locations":[{"start":{"line":48,"column":15},"end":{"line":48,"column":35}},{"start":{"line":48,"column":40},"end":{"line":48,"column":71}}],"line":48},"4":{"loc":{"start":{"line":58,"column":4},"end":{"line":59,"column":72}},"type":"if","locations":[{"start":{"line":58,"column":4},"end":{"line":59,"column":72}},{"start":{},"end":{}}],"line":58},"5":{"loc":{"start":{"line":58,"column":8},"end":{"line":58,"column":74}},"type":"binary-expr","locations":[{"start":{"line":58,"column":8},"end":{"line":58,"column":21}},{"start":{"line":58,"column":25},"end":{"line":58,"column":52}},{"start":{"line":58,"column":56},"end":{"line":58,"column":74}}],"line":58},"6":{"loc":{"start":{"line":68,"column":15},"end":{"line":68,"column":72}},"type":"binary-expr","locations":[{"start":{"line":68,"column":15},"end":{"line":68,"column":35}},{"start":{"line":68,"column":40},"end":{"line":68,"column":71}}],"line":68}},"s":{"0":1,"1":1,"2":1,"3":1,"4":1,"5":3,"6":3,"7":3,"8":1,"9":9,"10":9,"11":9,"12":1,"13":4,"14":4,"15":4,"16":1,"17":9,"18":9,"19":9,"20":1,"21":4,"22":4,"23":4,"24":4,"25":4,"26":1,"27":3,"28":1,"29":1,"30":1,"31":3,"32":3,"33":3,"34":1,"35":4,"36":4,"37":4,"38":4,"39":4,"40":1,"41":3,"42":1,"43":1,"44":1,"45":3,"46":3,"47":3,"48":1},"f":{"0":3,"1":9,"2":4,"3":9,"4":4,"5":3,"6":4,"7":3},"b":{"0":[5,4],"1":[1,3],"2":[4,4,3],"3":[3,1],"4":[1,3],"5":[4,4,3],"6":[3,1]},"_coverageSchema":"1a1c01bbd47fc00a2c39e90264f33305004495a9","hash":"49f1081af8c176880ec0dc602f2af5ca9f68b3a7"}
,"E:\\Mis Documentos\\Escritorio\\ProyectosEntrevistas\\2022\\Telecom\\weather-app-with-fastify\\backend\\utils\\utils.js": {"path":"E:\\Mis Documentos\\Escritorio\\ProyectosEntrevistas\\2022\\Telecom\\weather-app-with-fastify\\backend\\utils\\utils.js","statementMap":{"0":{"start":{"line":1,"column":29},"end":{"line":1,"column":82}},"1":{"start":{"line":3,"column":22},"end":{"line":3,"column":82}},"2":{"start":{"line":3,"column":28},"end":{"line":3,"column":82}},"3":{"start":{"line":3,"column":63},"end":{"line":3,"column":81}},"4":{"start":{"line":5,"column":0},"end":{"line":8,"column":1}}},"fnMap":{"0":{"name":"(anonymous_0)","decl":{"start":{"line":3,"column":22},"end":{"line":3,"column":23}},"loc":{"start":{"line":3,"column":28},"end":{"line":3,"column":82}},"line":3},"1":{"name":"(anonymous_1)","decl":{"start":{"line":3,"column":54},"end":{"line":3,"column":55}},"loc":{"start":{"line":3,"column":63},"end":{"line":3,"column":81}},"line":3}},"branchMap":{},"s":{"0":2,"1":2,"2":23,"3":95,"4":2},"f":{"0":23,"1":95},"b":{},"_coverageSchema":"1a1c01bbd47fc00a2c39e90264f33305004495a9","hash":"debd4690ff17113118edf457385946cda0bdb8c3"}
}
