TN:
SF:lib\lib.js
FN:11,(anonymous_0)
FN:17,(anonymous_1)
FN:23,(anonymous_2)
FN:29,(anonymous_3)
FN:35,(anonymous_4)
FN:48,(anonymous_5)
FN:54,(anonymous_6)
FN:67,(anonymous_7)
FNF:8
FNH:8
FNDA:3,(anonymous_0)
FNDA:9,(anonymous_1)
FNDA:4,(anonymous_2)
FNDA:9,(anonymous_3)
FNDA:4,(anonymous_4)
FNDA:3,(anonymous_5)
FNDA:4,(anonymous_6)
FNDA:3,(anonymous_7)
DA:1,1
DA:2,1
DA:3,1
DA:4,1
DA:6,1
DA:11,1
DA:12,3
DA:13,3
DA:14,3
DA:17,1
DA:18,9
DA:19,9
DA:20,9
DA:23,1
DA:24,4
DA:25,4
DA:26,4
DA:29,1
DA:30,9
DA:31,9
DA:32,9
DA:35,1
DA:36,4
DA:37,4
DA:38,4
DA:39,4
DA:40,4
DA:41,1
DA:42,3
DA:44,1
DA:45,1
DA:48,1
DA:49,3
DA:50,3
DA:51,3
DA:54,1
DA:55,4
DA:56,4
DA:57,4
DA:58,4
DA:59,4
DA:60,1
DA:61,3
DA:63,1
DA:64,1
DA:67,1
DA:68,3
DA:69,3
DA:70,3
DA:73,1
LF:50
LH:50
BRDA:20,0,0,2
BRDA:20,0,1,7
BRDA:40,1,0,1
BRDA:40,1,1,3
BRDA:40,2,0,4
BRDA:40,2,1,4
BRDA:40,2,2,3
BRDA:49,3,0,3
BRDA:49,3,1,1
BRDA:59,4,0,1
BRDA:59,4,1,3
BRDA:59,5,0,4
BRDA:59,5,1,4
BRDA:59,5,2,3
BRDA:68,6,0,3
BRDA:68,6,1,1
BRF:16
BRH:16
end_of_record
TN:
SF:utils\utils.js
FN:3,(anonymous_0)
FN:3,(anonymous_1)
FNF:2
FNH:2
FNDA:26,(anonymous_0)
FNDA:115,(anonymous_1)
DA:1,2
DA:3,115
DA:5,2
LF:3
LH:3
BRF:0
BRH:0
end_of_record
