TN:
SF:lib\lib.js
FN:10,(anonymous_0)
FN:16,(anonymous_1)
FN:22,(anonymous_2)
FN:28,(anonymous_3)
FN:34,(anonymous_4)
FN:47,(anonymous_5)
FN:53,(anonymous_6)
FN:67,(anonymous_7)
FNF:8
FNH:8
FNDA:3,(anonymous_0)
FNDA:9,(anonymous_1)
FNDA:4,(anonymous_2)
FNDA:9,(anonymous_3)
FNDA:4,(anonymous_4)
FNDA:3,(anonymous_5)
FNDA:4,(anonymous_6)
FNDA:3,(anonymous_7)
DA:1,1
DA:2,1
DA:3,1
DA:5,1
DA:10,1
DA:11,3
DA:12,3
DA:13,3
DA:16,1
DA:17,9
DA:18,9
DA:19,9
DA:22,1
DA:23,4
DA:24,4
DA:25,4
DA:28,1
DA:29,9
DA:30,9
DA:31,9
DA:34,1
DA:35,4
DA:36,4
DA:37,4
DA:38,4
DA:39,4
DA:40,1
DA:41,3
DA:43,1
DA:44,1
DA:47,1
DA:48,3
DA:49,3
DA:50,3
DA:53,1
DA:54,4
DA:55,4
DA:56,4
DA:57,4
DA:58,4
DA:59,1
DA:60,3
DA:62,1
DA:63,1
DA:67,1
DA:68,3
DA:69,3
DA:70,3
DA:73,1
LF:49
LH:49
BRDA:18,0,0,5
BRDA:18,0,1,4
BRDA:39,1,0,1
BRDA:39,1,1,3
BRDA:39,2,0,4
BRDA:39,2,1,4
BRDA:39,2,2,3
BRDA:48,3,0,3
BRDA:48,3,1,1
BRDA:58,4,0,1
BRDA:58,4,1,3
BRDA:58,5,0,4
BRDA:58,5,1,4
BRDA:58,5,2,3
BRDA:68,6,0,3
BRDA:68,6,1,1
BRF:16
BRH:16
end_of_record
TN:
SF:utils\utils.js
FN:3,(anonymous_0)
FN:3,(anonymous_1)
FNF:2
FNH:2
FNDA:23,(anonymous_0)
FNDA:95,(anonymous_1)
DA:1,2
DA:3,95
DA:5,2
LF:3
LH:3
BRF:0
BRH:0
end_of_record
